mode: set
github.com/mrGreatProgrammer/wallet/pkg/wallet/service.go:13.31,15.2 1 0
github.com/mrGreatProgrammer/wallet/pkg/wallet/service.go:30.78,31.37 1 1
github.com/mrGreatProgrammer/wallet/pkg/wallet/service.go:37.2,44.21 4 1
github.com/mrGreatProgrammer/wallet/pkg/wallet/service.go:31.37,32.29 1 1
github.com/mrGreatProgrammer/wallet/pkg/wallet/service.go:32.29,34.4 1 0
github.com/mrGreatProgrammer/wallet/pkg/wallet/service.go:47.70,48.17 1 1
github.com/mrGreatProgrammer/wallet/pkg/wallet/service.go:52.2,53.33 2 1
github.com/mrGreatProgrammer/wallet/pkg/wallet/service.go:60.2,60.20 1 1
github.com/mrGreatProgrammer/wallet/pkg/wallet/service.go:64.2,65.12 2 1
github.com/mrGreatProgrammer/wallet/pkg/wallet/service.go:48.17,50.3 1 0
github.com/mrGreatProgrammer/wallet/pkg/wallet/service.go:53.33,54.26 1 1
github.com/mrGreatProgrammer/wallet/pkg/wallet/service.go:54.26,56.9 2 1
github.com/mrGreatProgrammer/wallet/pkg/wallet/service.go:60.20,62.3 1 0
github.com/mrGreatProgrammer/wallet/pkg/wallet/service.go:68.116,69.17 1 1
github.com/mrGreatProgrammer/wallet/pkg/wallet/service.go:73.2,74.33 2 1
github.com/mrGreatProgrammer/wallet/pkg/wallet/service.go:80.2,80.20 1 1
github.com/mrGreatProgrammer/wallet/pkg/wallet/service.go:84.2,84.30 1 1
github.com/mrGreatProgrammer/wallet/pkg/wallet/service.go:88.2,98.21 5 1
github.com/mrGreatProgrammer/wallet/pkg/wallet/service.go:69.17,71.3 1 0
github.com/mrGreatProgrammer/wallet/pkg/wallet/service.go:74.33,75.26 1 1
github.com/mrGreatProgrammer/wallet/pkg/wallet/service.go:75.26,77.9 2 1
github.com/mrGreatProgrammer/wallet/pkg/wallet/service.go:80.20,82.3 1 0
github.com/mrGreatProgrammer/wallet/pkg/wallet/service.go:84.30,86.3 1 0
github.com/mrGreatProgrammer/wallet/pkg/wallet/service.go:101.76,103.33 2 1
github.com/mrGreatProgrammer/wallet/pkg/wallet/service.go:110.2,110.32 1 1
github.com/mrGreatProgrammer/wallet/pkg/wallet/service.go:103.33,104.26 1 1
github.com/mrGreatProgrammer/wallet/pkg/wallet/service.go:104.26,107.4 2 1
github.com/mrGreatProgrammer/wallet/pkg/wallet/service.go:113.50,115.16 2 1
github.com/mrGreatProgrammer/wallet/pkg/wallet/service.go:118.2,119.16 2 1
github.com/mrGreatProgrammer/wallet/pkg/wallet/service.go:123.2,125.12 3 1
github.com/mrGreatProgrammer/wallet/pkg/wallet/service.go:115.16,117.3 1 0
github.com/mrGreatProgrammer/wallet/pkg/wallet/service.go:119.16,121.3 1 0
github.com/mrGreatProgrammer/wallet/pkg/wallet/service.go:128.77,129.37 1 1
github.com/mrGreatProgrammer/wallet/pkg/wallet/service.go:135.2,135.32 1 1
github.com/mrGreatProgrammer/wallet/pkg/wallet/service.go:129.37,130.30 1 1
github.com/mrGreatProgrammer/wallet/pkg/wallet/service.go:130.30,132.4 1 1
github.com/mrGreatProgrammer/wallet/pkg/wallet/service.go:142.36,144.2 1 1
github.com/mrGreatProgrammer/wallet/pkg/wallet/service.go:166.94,169.17 2 1
github.com/mrGreatProgrammer/wallet/pkg/wallet/service.go:174.2,175.16 2 1
github.com/mrGreatProgrammer/wallet/pkg/wallet/service.go:181.2,182.40 2 1
github.com/mrGreatProgrammer/wallet/pkg/wallet/service.go:190.2,190.31 1 1
github.com/mrGreatProgrammer/wallet/pkg/wallet/service.go:169.17,171.3 1 0
github.com/mrGreatProgrammer/wallet/pkg/wallet/service.go:175.16,177.3 1 0
github.com/mrGreatProgrammer/wallet/pkg/wallet/service.go:182.40,185.17 2 1
github.com/mrGreatProgrammer/wallet/pkg/wallet/service.go:185.17,187.4 1 0
github.com/mrGreatProgrammer/wallet/pkg/wallet/service.go:194.68,196.16 2 1
github.com/mrGreatProgrammer/wallet/pkg/wallet/service.go:205.2,209.24 3 1
github.com/mrGreatProgrammer/wallet/pkg/wallet/service.go:196.16,198.3 1 1
