mode: set
github.com/mrGreatProgrammer/wallet/pkg/wallet/service.go:12.31,14.2 1 0
github.com/mrGreatProgrammer/wallet/pkg/wallet/service.go:31.78,32.37 1 1
github.com/mrGreatProgrammer/wallet/pkg/wallet/service.go:38.2,45.21 4 1
github.com/mrGreatProgrammer/wallet/pkg/wallet/service.go:32.37,33.29 1 1
github.com/mrGreatProgrammer/wallet/pkg/wallet/service.go:33.29,35.4 1 0
github.com/mrGreatProgrammer/wallet/pkg/wallet/service.go:48.70,49.17 1 1
github.com/mrGreatProgrammer/wallet/pkg/wallet/service.go:53.2,54.33 2 1
github.com/mrGreatProgrammer/wallet/pkg/wallet/service.go:61.2,61.20 1 1
github.com/mrGreatProgrammer/wallet/pkg/wallet/service.go:65.2,66.12 2 1
github.com/mrGreatProgrammer/wallet/pkg/wallet/service.go:49.17,51.3 1 0
github.com/mrGreatProgrammer/wallet/pkg/wallet/service.go:54.33,55.26 1 1
github.com/mrGreatProgrammer/wallet/pkg/wallet/service.go:55.26,57.9 2 1
github.com/mrGreatProgrammer/wallet/pkg/wallet/service.go:61.20,63.3 1 0
github.com/mrGreatProgrammer/wallet/pkg/wallet/service.go:69.116,70.17 1 1
github.com/mrGreatProgrammer/wallet/pkg/wallet/service.go:74.2,75.33 2 1
github.com/mrGreatProgrammer/wallet/pkg/wallet/service.go:81.2,81.20 1 1
github.com/mrGreatProgrammer/wallet/pkg/wallet/service.go:85.2,85.30 1 1
github.com/mrGreatProgrammer/wallet/pkg/wallet/service.go:89.2,99.21 5 1
github.com/mrGreatProgrammer/wallet/pkg/wallet/service.go:70.17,72.3 1 0
github.com/mrGreatProgrammer/wallet/pkg/wallet/service.go:75.33,76.26 1 1
github.com/mrGreatProgrammer/wallet/pkg/wallet/service.go:76.26,78.9 2 1
github.com/mrGreatProgrammer/wallet/pkg/wallet/service.go:81.20,83.3 1 0
github.com/mrGreatProgrammer/wallet/pkg/wallet/service.go:85.30,87.3 1 0
github.com/mrGreatProgrammer/wallet/pkg/wallet/service.go:102.76,104.33 2 1
github.com/mrGreatProgrammer/wallet/pkg/wallet/service.go:111.2,111.32 1 1
github.com/mrGreatProgrammer/wallet/pkg/wallet/service.go:104.33,105.26 1 1
github.com/mrGreatProgrammer/wallet/pkg/wallet/service.go:105.26,108.4 2 1
github.com/mrGreatProgrammer/wallet/pkg/wallet/service.go:114.50,116.16 2 1
github.com/mrGreatProgrammer/wallet/pkg/wallet/service.go:119.2,120.16 2 1
github.com/mrGreatProgrammer/wallet/pkg/wallet/service.go:124.2,126.12 3 1
github.com/mrGreatProgrammer/wallet/pkg/wallet/service.go:116.16,118.3 1 0
github.com/mrGreatProgrammer/wallet/pkg/wallet/service.go:120.16,122.3 1 0
github.com/mrGreatProgrammer/wallet/pkg/wallet/service.go:129.77,130.37 1 1
github.com/mrGreatProgrammer/wallet/pkg/wallet/service.go:136.2,136.32 1 1
github.com/mrGreatProgrammer/wallet/pkg/wallet/service.go:130.37,131.30 1 1
github.com/mrGreatProgrammer/wallet/pkg/wallet/service.go:131.30,133.4 1 1
github.com/mrGreatProgrammer/wallet/pkg/wallet/service.go:140.68,142.16 2 1
github.com/mrGreatProgrammer/wallet/pkg/wallet/service.go:145.2,146.16 2 1
github.com/mrGreatProgrammer/wallet/pkg/wallet/service.go:150.2,152.16 3 1
github.com/mrGreatProgrammer/wallet/pkg/wallet/service.go:155.2,155.17 1 1
github.com/mrGreatProgrammer/wallet/pkg/wallet/service.go:142.16,144.3 1 1
github.com/mrGreatProgrammer/wallet/pkg/wallet/service.go:146.16,148.3 1 0
github.com/mrGreatProgrammer/wallet/pkg/wallet/service.go:152.16,154.3 1 0
github.com/mrGreatProgrammer/wallet/pkg/wallet/service.go:159.91,161.16 2 1
github.com/mrGreatProgrammer/wallet/pkg/wallet/service.go:164.2,165.16 2 1
github.com/mrGreatProgrammer/wallet/pkg/wallet/service.go:169.2,178.21 3 1
github.com/mrGreatProgrammer/wallet/pkg/wallet/service.go:161.16,163.3 1 1
github.com/mrGreatProgrammer/wallet/pkg/wallet/service.go:165.16,167.3 1 0
github.com/mrGreatProgrammer/wallet/pkg/wallet/service.go:182.80,183.39 1 1
github.com/mrGreatProgrammer/wallet/pkg/wallet/service.go:189.2,189.33 1 1
github.com/mrGreatProgrammer/wallet/pkg/wallet/service.go:183.39,184.32 1 1
github.com/mrGreatProgrammer/wallet/pkg/wallet/service.go:184.32,186.4 1 1
github.com/mrGreatProgrammer/wallet/pkg/wallet/service.go:193.78,195.16 2 1
github.com/mrGreatProgrammer/wallet/pkg/wallet/service.go:199.2,200.16 2 1
github.com/mrGreatProgrammer/wallet/pkg/wallet/service.go:204.2,204.21 1 1
github.com/mrGreatProgrammer/wallet/pkg/wallet/service.go:195.16,197.3 1 1
github.com/mrGreatProgrammer/wallet/pkg/wallet/service.go:200.16,202.3 1 0
